<?xml version="1.0" encoding="UTF-8"?>
<!-- Generated by org.testng.reporters.JUnitReportReporter -->
<testsuite skipped="0" hostname="DESKTOP-LPKLU1H" name="Sample.SampleTest1" tests="1" failures="0" timestamp="10 Mar 2022 05:01:05 GMT" time="63.542" errors="0">
  <testcase name="googleTest" time="63.542" classname="Sample.SampleTest1"/>
</testsuite> <!-- Sample.SampleTest1 -->
